<?xml version="1.0" encoding="utf-8" standalone="no"?>
<test-results xmlns:xsi="http://www.w3.org/2001/XMLSchema-instance" xsi:noNamespaceSchemaLocation="nunit_schema_2.5.xsd" name="Pester" total="0" errors="0" failures="0" not-run="0" inconclusive="0" ignored="0" skipped="0" invalid="0" date="2025-10-14" time="21:55:32">
  <environment nunit-version="2.5.8.0" os-version="10.0.26100" user-domain="beatrix-pc" cwd="C:\Users\Administrator\Documents\TextToSpeech-Generator\TextToSpeech-Generator\Tests" machine-name="BEATRIX-PC" user="Administrator" clr-version="Unknown" platform="Microsoft Windows 11 Pro|C:\WINDOWS|\Device\Harddisk0\Partition3" />
  <culture-info current-culture="en-GB" current-uiculture="en-US" />
  <test-suite type="TestFixture" name="Pester" executed="True" result="Success" success="True" time="0" asserts="0" description="Pester">
    <results />
  </test-suite>
</test-results>